<?xml version="1.0" encoding="UTF-8"?>
<testng-results skipped="0" failed="0" total="3" passed="3">
  <reporter-output>
  </reporter-output>
  <suite name="Default suite" duration-ms="29" started-at="2013-11-27T20:26:57Z" finished-at="2013-11-27T20:26:57Z">
    <groups>
    </groups>
    <test name="Default test" duration-ms="29" started-at="2013-11-27T20:26:57Z" finished-at="2013-11-27T20:26:57Z">
      <class name="test.SortedKeyValueTest">
        <test-method status="PASS" signature="testZAdd()[pri:0, instance:test.SortedKeyValueTest@7c9957eb]" name="testZAdd" duration-ms="15" started-at="2013-11-28T01:56:57Z" finished-at="2013-11-28T01:56:57Z">
          <reporter-output>
          </reporter-output>
        </test-method> <!-- testZAdd -->
        <test-method status="PASS" signature="testZCount()[pri:0, instance:test.SortedKeyValueTest@7c9957eb]" name="testZCount" duration-ms="2" started-at="2013-11-28T01:56:57Z" finished-at="2013-11-28T01:56:57Z">
          <reporter-output>
          </reporter-output>
        </test-method> <!-- testZCount -->
        <test-method status="PASS" signature="testZRange()[pri:0, instance:test.SortedKeyValueTest@7c9957eb]" name="testZRange" duration-ms="0" started-at="2013-11-28T01:56:57Z" finished-at="2013-11-28T01:56:57Z">
          <reporter-output>
          </reporter-output>
        </test-method> <!-- testZRange -->
      </class> <!-- test.SortedKeyValueTest -->
    </test> <!-- Default test -->
  </suite> <!-- Default suite -->
</testng-results>
